Building DAG of jobs...
Using shell: /usr/bin/bash
Provided cores: 24
Rules claiming more threads will be scaled down.
Job counts:
	count	jobs
	2	BAM_index
	1	all
	3

[Tue May  5 15:08:35 2020]
rule BAM_index:
    input: ../bam/293T-RNASeq-test2_combined_Aligned.out.bam
    output: ../bam/293T-RNASeq-test2_combined_Aligned.out.bam.bai
    jobid: 14
    wildcards: sample=test2_combined


        samtools index -@ 24         ../bam/293T-RNASeq-test2_combined_Aligned.out.bam         ../bam/293T-RNASeq-test2_combined_Aligned.out.bam.bai
        

[Tue May  5 15:08:35 2020]
rule BAM_index:
    input: ../bam/293T-RNASeq-test_combined_Aligned.out.bam
    output: ../bam/293T-RNASeq-test_combined_Aligned.out.bam.bai
    jobid: 13
    wildcards: sample=test_combined


        samtools index -@ 24         ../bam/293T-RNASeq-test_combined_Aligned.out.bam         ../bam/293T-RNASeq-test_combined_Aligned.out.bam.bai
        
[Tue May  5 15:08:35 2020]
Error in rule BAM_index:
    jobid: 14
    output: ../bam/293T-RNASeq-test2_combined_Aligned.out.bam.bai
    shell:
        
        samtools index -@ 24         ../bam/293T-RNASeq-test2_combined_Aligned.out.bam         ../bam/293T-RNASeq-test2_combined_Aligned.out.bam.bai
        
        (one of the commands exited with non-zero exit code; note that snakemake uses bash strict mode!)

[Tue May  5 15:08:35 2020]
Error in rule BAM_index:
    jobid: 13
    output: ../bam/293T-RNASeq-test_combined_Aligned.out.bam.bai
    shell:
        
        samtools index -@ 24         ../bam/293T-RNASeq-test_combined_Aligned.out.bam         ../bam/293T-RNASeq-test_combined_Aligned.out.bam.bai
        
        (one of the commands exited with non-zero exit code; note that snakemake uses bash strict mode!)

Shutting down, this might take some time.
Exiting because a job execution failed. Look above for error message
Complete log: /gpfs/user/zhaohuanan/3.project/3.2020-05_BE3andBE4_RNA-seq/snakepipes_cutadapt-STARmapping-FPKM-sortBAM/.snakemake/log/2020-05-05T150835.512608.snakemake.log
