Building DAG of jobs...
Using shell: /usr/bin/bash
Provided cores: 24
Rules claiming more threads will be scaled down.
Job counts:
	count	jobs
	2	BAM_index
	2	BAM_mark_duplicate
	2	BAM_sort_by_position
	1	add_RG_tag
	1	all
	2	cufflinks_FPKM
	10

[Tue May  5 15:24:05 2020]
rule add_RG_tag:
    input: ../bam/293T-RNASeq-test2_combined_Aligned.out.bam
    output: ../bam/293T-RNASeq-test2_combined_Aligned.out.fix_RG.bam
    jobid: 6
    wildcards: sample=test2_combined


        samtools addreplacerg -r '@RG\tID:test2_combined\tSM:test2_combined\tPL:ILLUMINA' -@ 24 -O BAM -o ../bam/293T-RNASeq-test2_combined_Aligned.out.fix_RG.bam --reference /home/zhaohuanan/zhaohn_HD/2.database/bwa_hg38/hg38_only_chromosome.fa ../bam/293T-RNASeq-test2_combined_Aligned.out.bam
        

[Tue May  5 15:24:05 2020]
rule BAM_sort_by_position:
    input: ../bam/293T-RNASeq-test_combined_Aligned.out.fix_RG.bam
    output: ../bam/293T-RNASeq-test_combined_Aligned_sort.bam
    jobid: 7
    wildcards: sample=test_combined


        samtools sort         -O BAM         -o ../bam/293T-RNASeq-test_combined_Aligned_sort.bam         -T ../bam/293T-RNASeq-test_combined_Aligned_sort.bam.temp         -@ 24 -m 4G         ../bam/293T-RNASeq-test_combined_Aligned.out.fix_RG.bam
        
[Tue May  5 15:24:05 2020]
Finished job 6.
1 of 10 steps (10%) done

[Tue May  5 15:24:05 2020]
rule BAM_sort_by_position:
    input: ../bam/293T-RNASeq-test2_combined_Aligned.out.fix_RG.bam
    output: ../bam/293T-RNASeq-test2_combined_Aligned_sort.bam
    jobid: 8
    wildcards: sample=test2_combined


        samtools sort         -O BAM         -o ../bam/293T-RNASeq-test2_combined_Aligned_sort.bam         -T ../bam/293T-RNASeq-test2_combined_Aligned_sort.bam.temp         -@ 24 -m 4G         ../bam/293T-RNASeq-test2_combined_Aligned.out.fix_RG.bam
        
[Tue May  5 15:24:05 2020]
Finished job 7.
2 of 10 steps (20%) done

[Tue May  5 15:24:05 2020]
rule BAM_mark_duplicate:
    input: ../bam/293T-RNASeq-test_combined_Aligned_sort.bam
    output: ../bam/293T-RNASeq-test_combined_Aligned_sort_MarkDup.bam, ../bam/293T-RNASeq-test_combined_Aligned_sort_MarkDup.matrix
    log: ../bam/293T-RNASeq-test_combined_Aligned_sort_MarkDup.log
    jobid: 11
    wildcards: sample=test_combined


        /home/zhaohuanan/zhaohn_HD/1.apps/anaconda3/envs/py37/bin/java -Xms90g -Xmx90g -XX:ParallelGCThreads=24         -jar /gpfs/user/zhaohuanan/1.apps/picard/picard.jar MarkDuplicates         I=../bam/293T-RNASeq-test_combined_Aligned_sort.bam         O=../bam/293T-RNASeq-test_combined_Aligned_sort_MarkDup.bam         M=../bam/293T-RNASeq-test_combined_Aligned_sort_MarkDup.matrix         ASO=coordinate 2>../bam/293T-RNASeq-test_combined_Aligned_sort_MarkDup.log
        

[Tue May  5 15:24:05 2020]
rule BAM_index:
    input: ../bam/293T-RNASeq-test_combined_Aligned_sort.bam
    output: ../bam/293T-RNASeq-test_combined_Aligned_sort.bam.bai
    jobid: 13
    wildcards: sample=test_combined


        samtools index -@ 24         ../bam/293T-RNASeq-test_combined_Aligned_sort.bam         ../bam/293T-RNASeq-test_combined_Aligned_sort.bam.bai
        

[Tue May  5 15:24:05 2020]
rule cufflinks_FPKM:
    input: ../bam/293T-RNASeq-test_combined_Aligned_sort.bam
    output: ../fpkm/test_combined
    jobid: 9
    wildcards: sample=test_combined


        /home/zhaohuanan/zhaohn_HD/1.apps/anaconda3/envs/py27/bin/cufflinks -p 24 --library-type fr-firststrand         -G /home/zhaohuanan/zhaohn_HD/2.database/annotate_hg38/hg38_refseq_from_ucsc.rm_XM_XR.fix_name.gtf         -o ../fpkm/test_combined         ../bam/293T-RNASeq-test_combined_Aligned_sort.bam
        
[Tue May  5 15:24:05 2020]
Finished job 13.
3 of 10 steps (30%) done
[Tue May  5 15:24:05 2020]
Finished job 8.
4 of 10 steps (40%) done

[Tue May  5 15:24:05 2020]
rule BAM_mark_duplicate:
    input: ../bam/293T-RNASeq-test2_combined_Aligned_sort.bam
    output: ../bam/293T-RNASeq-test2_combined_Aligned_sort_MarkDup.bam, ../bam/293T-RNASeq-test2_combined_Aligned_sort_MarkDup.matrix
    log: ../bam/293T-RNASeq-test2_combined_Aligned_sort_MarkDup.log
    jobid: 12
    wildcards: sample=test2_combined


        /home/zhaohuanan/zhaohn_HD/1.apps/anaconda3/envs/py37/bin/java -Xms90g -Xmx90g -XX:ParallelGCThreads=24         -jar /gpfs/user/zhaohuanan/1.apps/picard/picard.jar MarkDuplicates         I=../bam/293T-RNASeq-test2_combined_Aligned_sort.bam         O=../bam/293T-RNASeq-test2_combined_Aligned_sort_MarkDup.bam         M=../bam/293T-RNASeq-test2_combined_Aligned_sort_MarkDup.matrix         ASO=coordinate 2>../bam/293T-RNASeq-test2_combined_Aligned_sort_MarkDup.log
        

[Tue May  5 15:24:05 2020]
rule BAM_index:
    input: ../bam/293T-RNASeq-test2_combined_Aligned_sort.bam
    output: ../bam/293T-RNASeq-test2_combined_Aligned_sort.bam.bai
    jobid: 14
    wildcards: sample=test2_combined


        samtools index -@ 24         ../bam/293T-RNASeq-test2_combined_Aligned_sort.bam         ../bam/293T-RNASeq-test2_combined_Aligned_sort.bam.bai
        

[Tue May  5 15:24:05 2020]
rule cufflinks_FPKM:
    input: ../bam/293T-RNASeq-test2_combined_Aligned_sort.bam
    output: ../fpkm/test2_combined
    jobid: 10
    wildcards: sample=test2_combined


        /home/zhaohuanan/zhaohn_HD/1.apps/anaconda3/envs/py27/bin/cufflinks -p 24 --library-type fr-firststrand         -G /home/zhaohuanan/zhaohn_HD/2.database/annotate_hg38/hg38_refseq_from_ucsc.rm_XM_XR.fix_name.gtf         -o ../fpkm/test2_combined         ../bam/293T-RNASeq-test2_combined_Aligned_sort.bam
        
[Tue May  5 15:24:06 2020]
Finished job 14.
5 of 10 steps (50%) done
[Tue May  5 15:24:18 2020]
Finished job 12.
6 of 10 steps (60%) done
[Tue May  5 15:24:18 2020]
Finished job 11.
7 of 10 steps (70%) done
[Tue May  5 15:24:35 2020]
Finished job 9.
8 of 10 steps (80%) done
[Tue May  5 15:24:36 2020]
Finished job 10.
9 of 10 steps (90%) done

[Tue May  5 15:24:36 2020]
localrule all:
    input: ../fix.fastq/293T-RNASeq-test_combined_R1_cutadapt.fq.gz, ../fix.fastq/293T-RNASeq-test2_combined_R1_cutadapt.fq.gz, ../fix.fastq/293T-RNASeq-test_combined_R2_cutadapt.fq.gz, ../fix.fastq/293T-RNASeq-test2_combined_R2_cutadapt.fq.gz, ../bam/293T-RNASeq-test_combined_Aligned.out.bam, ../bam/293T-RNASeq-test2_combined_Aligned.out.bam, ../bam/293T-RNASeq-test_combined_Aligned.out.fix_RG.bam, ../bam/293T-RNASeq-test2_combined_Aligned.out.fix_RG.bam, ../bam/293T-RNASeq-test_combined_Aligned_sort.bam, ../bam/293T-RNASeq-test2_combined_Aligned_sort.bam, ../fpkm/test_combined, ../fpkm/test2_combined, ../bam/293T-RNASeq-test_combined_Aligned_sort_MarkDup.bam, ../bam/293T-RNASeq-test2_combined_Aligned_sort_MarkDup.bam, ../bam/293T-RNASeq-test_combined_Aligned_sort.bam.bai, ../bam/293T-RNASeq-test2_combined_Aligned_sort.bam.bai
    jobid: 0

[Tue May  5 15:24:36 2020]
Finished job 0.
10 of 10 steps (100%) done
Complete log: /gpfs/user/zhaohuanan/3.project/3.2020-05_BE3andBE4_RNA-seq/snakepipes_cutadapt-STARmapping-FPKM-sortBAM/.snakemake/log/2020-05-05T152405.026379.snakemake.log
