Building DAG of jobs...
Using shell: /usr/bin/bash
Provided cores: 24
Rules claiming more threads will be scaled down.
Job counts:
	count	jobs
	1	BAM_index
	1	all
	2

[Tue May  5 15:19:30 2020]
rule BAM_index:
    input: ../bam/293T-RNASeq-test2_combined_Aligned_sort.bam
    output: ../bam/293T-RNASeq-test2_combined_Aligned_sort.bam.bai
    jobid: 14
    wildcards: sample=test2_combined


        samtools index -@ 24         ../bam/293T-RNASeq-test2_combined_Aligned_sort.bam         ../bam/293T-RNASeq-test2_combined_Aligned_sort.bam.bai
        
[Tue May  5 15:19:34 2020]
Finished job 14.
1 of 2 steps (50%) done

[Tue May  5 15:19:34 2020]
localrule all:
    input: ../fix.fastq/293T-RNASeq-test_combined_R1_cutadapt.fq.gz, ../fix.fastq/293T-RNASeq-test2_combined_R1_cutadapt.fq.gz, ../fix.fastq/293T-RNASeq-test_combined_R2_cutadapt.fq.gz, ../fix.fastq/293T-RNASeq-test2_combined_R2_cutadapt.fq.gz, ../bam/293T-RNASeq-test_combined_Aligned.out.bam, ../bam/293T-RNASeq-test2_combined_Aligned.out.bam, ../bam/293T-RNASeq-test_combined_Aligned.out.fix_RG.bam, ../bam/293T-RNASeq-test2_combined_Aligned.out.fix_RG.bam, ../bam/293T-RNASeq-test_combined_Aligned_sort.bam, ../bam/293T-RNASeq-test2_combined_Aligned_sort.bam, ../fpkm/test_combined, ../fpkm/test2_combined, ../bam/293T-RNASeq-test_combined_Aligned_sort_MarkDup.bam, ../bam/293T-RNASeq-test2_combined_Aligned_sort_MarkDup.bam, ../bam/293T-RNASeq-test_combined_Aligned_sort.bam.bai, ../bam/293T-RNASeq-test2_combined_Aligned_sort.bam.bai
    jobid: 0

[Tue May  5 15:19:34 2020]
Finished job 0.
2 of 2 steps (100%) done
Complete log: /gpfs/user/zhaohuanan/3.project/3.2020-05_BE3andBE4_RNA-seq/snakepipes_cutadapt-STARmapping-FPKM-sortBAM/.snakemake/log/2020-05-05T151930.478613.snakemake.log
