Building DAG of jobs...
Using shell: /usr/bin/bash
Provided cores: 24
Rules claiming more threads will be scaled down.
Job counts:
	count	jobs
	1	all
	2	cufflinks_FPKM
	3

[Tue May  5 15:06:08 2020]
rule cufflinks_FPKM:
    input: ../bam/293T-RNASeq-test2_combined_Aligned_sort.bam
    output: ../fpkm/test2_combined
    jobid: 10
    wildcards: sample=test2_combined


        /home/zhaohuanan/zhaohn_HD/1.apps/anaconda3/envs/py27/bin/cufflinks -p 24 --library-type fr-firststrand         -G /home/zhaohuanan/zhaohn_HD/2.database/annotate_hg38/hg38_refseq_from_ucsc.rm_XM_XR.fix_name.gtf         -o ../fpkm/test2_combined         ../bam/293T-RNASeq-test2_combined_Aligned_sort.bam
        

[Tue May  5 15:06:08 2020]
rule cufflinks_FPKM:
    input: ../bam/293T-RNASeq-test_combined_Aligned_sort.bam
    output: ../fpkm/test_combined
    jobid: 9
    wildcards: sample=test_combined


        /home/zhaohuanan/zhaohn_HD/1.apps/anaconda3/envs/py27/bin/cufflinks -p 24 --library-type fr-firststrand         -G /home/zhaohuanan/zhaohn_HD/2.database/annotate_hg38/hg38_refseq_from_ucsc.rm_XM_XR.fix_name.gtf         -o ../fpkm/test_combined         ../bam/293T-RNASeq-test_combined_Aligned_sort.bam
        
[Tue May  5 15:06:38 2020]
Finished job 9.
1 of 3 steps (33%) done
[Tue May  5 15:06:39 2020]
Finished job 10.
2 of 3 steps (67%) done

[Tue May  5 15:06:39 2020]
localrule all:
    input: ../fix.fastq/293T-RNASeq-test_combined_R1_cutadapt.fq.gz, ../fix.fastq/293T-RNASeq-test2_combined_R1_cutadapt.fq.gz, ../fix.fastq/293T-RNASeq-test_combined_R2_cutadapt.fq.gz, ../fix.fastq/293T-RNASeq-test2_combined_R2_cutadapt.fq.gz, ../bam/293T-RNASeq-test_combined_Aligned.out.bam, ../bam/293T-RNASeq-test2_combined_Aligned.out.bam, ../bam/293T-RNASeq-test_combined_Aligned.out.fix_RG.bam, ../bam/293T-RNASeq-test2_combined_Aligned.out.fix_RG.bam, ../bam/293T-RNASeq-test_combined_Aligned_sort.bam, ../bam/293T-RNASeq-test2_combined_Aligned_sort.bam, ../fpkm/test_combined, ../fpkm/test2_combined
    jobid: 0

[Tue May  5 15:06:39 2020]
Finished job 0.
3 of 3 steps (100%) done
Complete log: /gpfs/user/zhaohuanan/3.project/3.2020-05_BE3andBE4_RNA-seq/snakepipes_cutadapt-STARmapping-FPKM-sortBAM/.snakemake/log/2020-05-05T150608.782545.snakemake.log
