Building DAG of jobs...
Using shell: /usr/bin/bash
Provided cores: 24
Rules claiming more threads will be scaled down.
Job counts:
	count	jobs
	2	BAM_mark_duplicate
	1	all
	3

[Tue May  5 15:07:27 2020]
rule BAM_mark_duplicate:
    input: ../bam/293T-RNASeq-test2_combined_Aligned_sort.bam
    output: ../bam/293T-RNASeq-test2_combined_Aligned_sort_MarkDup.bam, ../bam/293T-RNASeq-test2_combined_Aligned_sort_MarkDup.matrix
    log: ../bam/293T-RNASeq-test2_combined_Aligned_sort_MarkDup.log
    jobid: 12
    wildcards: sample=test2_combined


        /home/zhaohuanan/zhaohn_HD/1.apps/anaconda3/envs/py37/bin/java -Xms90g -Xmx90g -XX:ParallelGCThreads=24         -jar /gpfs/user/zhaohuanan/1.apps/picard/picard.jar MarkDuplicates         I=../bam/293T-RNASeq-test2_combined_Aligned_sort.bam         O=../bam/293T-RNASeq-test2_combined_Aligned_sort_MarkDup.bam         M=../bam/293T-RNASeq-test2_combined_Aligned_sort_MarkDup.matrix         ASO=coordinate 2>../bam/293T-RNASeq-test2_combined_Aligned_sort_MarkDup.log
        

[Tue May  5 15:07:27 2020]
rule BAM_mark_duplicate:
    input: ../bam/293T-RNASeq-test_combined_Aligned_sort.bam
    output: ../bam/293T-RNASeq-test_combined_Aligned_sort_MarkDup.bam, ../bam/293T-RNASeq-test_combined_Aligned_sort_MarkDup.matrix
    log: ../bam/293T-RNASeq-test_combined_Aligned_sort_MarkDup.log
    jobid: 11
    wildcards: sample=test_combined


        /home/zhaohuanan/zhaohn_HD/1.apps/anaconda3/envs/py37/bin/java -Xms90g -Xmx90g -XX:ParallelGCThreads=24         -jar /gpfs/user/zhaohuanan/1.apps/picard/picard.jar MarkDuplicates         I=../bam/293T-RNASeq-test_combined_Aligned_sort.bam         O=../bam/293T-RNASeq-test_combined_Aligned_sort_MarkDup.bam         M=../bam/293T-RNASeq-test_combined_Aligned_sort_MarkDup.matrix         ASO=coordinate 2>../bam/293T-RNASeq-test_combined_Aligned_sort_MarkDup.log
        
[Tue May  5 15:07:39 2020]
Finished job 11.
1 of 3 steps (33%) done
[Tue May  5 15:07:40 2020]
Finished job 12.
2 of 3 steps (67%) done

[Tue May  5 15:07:40 2020]
localrule all:
    input: ../fix.fastq/293T-RNASeq-test_combined_R1_cutadapt.fq.gz, ../fix.fastq/293T-RNASeq-test2_combined_R1_cutadapt.fq.gz, ../fix.fastq/293T-RNASeq-test_combined_R2_cutadapt.fq.gz, ../fix.fastq/293T-RNASeq-test2_combined_R2_cutadapt.fq.gz, ../bam/293T-RNASeq-test_combined_Aligned.out.bam, ../bam/293T-RNASeq-test2_combined_Aligned.out.bam, ../bam/293T-RNASeq-test_combined_Aligned.out.fix_RG.bam, ../bam/293T-RNASeq-test2_combined_Aligned.out.fix_RG.bam, ../bam/293T-RNASeq-test_combined_Aligned_sort.bam, ../bam/293T-RNASeq-test2_combined_Aligned_sort.bam, ../fpkm/test_combined, ../fpkm/test2_combined, ../bam/293T-RNASeq-test_combined_Aligned_sort_MarkDup.bam, ../bam/293T-RNASeq-test2_combined_Aligned_sort_MarkDup.bam
    jobid: 0

[Tue May  5 15:07:40 2020]
Finished job 0.
3 of 3 steps (100%) done
Complete log: /gpfs/user/zhaohuanan/3.project/3.2020-05_BE3andBE4_RNA-seq/snakepipes_cutadapt-STARmapping-FPKM-sortBAM/.snakemake/log/2020-05-05T150727.554722.snakemake.log
