Building DAG of jobs...
Using shell: /usr/bin/bash
Provided cores: 24
Rules claiming more threads will be scaled down.
Job counts:
	count	jobs
	2	BAM_sort_by_position
	1	all
	3

[Tue May  5 15:05:41 2020]
rule BAM_sort_by_position:
    input: ../bam/293T-RNASeq-test_combined_Aligned.out.fix_RG.bam
    output: ../bam/293T-RNASeq-test_combined_Aligned_sort.bam
    jobid: 7
    wildcards: sample=test_combined


        samtools sort         -O BAM         -o ../bam/293T-RNASeq-test_combined_Aligned_sort.bam         -T ../bam/293T-RNASeq-test_combined_Aligned_sort.bam.temp         -@ 24 -m 4G         ../bam/293T-RNASeq-test_combined_Aligned.out.fix_RG.bam
        

[Tue May  5 15:05:41 2020]
rule BAM_sort_by_position:
    input: ../bam/293T-RNASeq-test2_combined_Aligned.out.fix_RG.bam
    output: ../bam/293T-RNASeq-test2_combined_Aligned_sort.bam
    jobid: 8
    wildcards: sample=test2_combined


        samtools sort         -O BAM         -o ../bam/293T-RNASeq-test2_combined_Aligned_sort.bam         -T ../bam/293T-RNASeq-test2_combined_Aligned_sort.bam.temp         -@ 24 -m 4G         ../bam/293T-RNASeq-test2_combined_Aligned.out.fix_RG.bam
        
[Tue May  5 15:05:41 2020]
Finished job 8.
1 of 3 steps (33%) done
[Tue May  5 15:05:41 2020]
Finished job 7.
2 of 3 steps (67%) done

[Tue May  5 15:05:41 2020]
localrule all:
    input: ../fix.fastq/293T-RNASeq-test_combined_R1_cutadapt.fq.gz, ../fix.fastq/293T-RNASeq-test2_combined_R1_cutadapt.fq.gz, ../fix.fastq/293T-RNASeq-test_combined_R2_cutadapt.fq.gz, ../fix.fastq/293T-RNASeq-test2_combined_R2_cutadapt.fq.gz, ../bam/293T-RNASeq-test_combined_Aligned.out.bam, ../bam/293T-RNASeq-test2_combined_Aligned.out.bam, ../bam/293T-RNASeq-test_combined_Aligned.out.fix_RG.bam, ../bam/293T-RNASeq-test2_combined_Aligned.out.fix_RG.bam, ../bam/293T-RNASeq-test_combined_Aligned_sort.bam, ../bam/293T-RNASeq-test2_combined_Aligned_sort.bam
    jobid: 0

[Tue May  5 15:05:41 2020]
Finished job 0.
3 of 3 steps (100%) done
Complete log: /gpfs/user/zhaohuanan/3.project/3.2020-05_BE3andBE4_RNA-seq/snakepipes_cutadapt-STARmapping-FPKM-sortBAM/.snakemake/log/2020-05-05T150541.178219.snakemake.log
