Building DAG of jobs...
Using shell: /usr/bin/bash
Provided cores: 1 (use --cores to define parallelism)
Rules claiming more threads will be scaled down.
Job counts:
	count	jobs
	1	all
	1	featureCounts
	2

[Tue Feb  2 17:15:47 2021]
rule featureCounts:
    output: ../featureCounts/all_feature.txt
    log: ../featureCounts/run_FC.log
    jobid: 1
    reason: Missing output files: ../featureCounts/all_feature.txt


        /home/zhaohuanan/zhaohn_HD/miniconda3/bin/featureCounts         -T 24         -p         -t exon         -g gene_id         -a /home/zhaohuanan/zhaohn_HD/2.database/db_genomes/genome_annotation/genome_gencode_GRCm38.p6/gencode.vM25.annotation.gtf         -o ../featureCounts/all_feature.txt         ../bam/293T-RNASeq-pcif1-WT-1_Aligned_sort.bam ../bam/293T-RNASeq-pcif1-WT-2_Aligned_sort.bam ../bam/293T-RNASeq-pcif1-WT-3_Aligned_sort.bam ../bam/293T-RNASeq-pcif1-WT-4_Aligned_sort.bam ../bam/293T-RNASeq-pcif1-KO-1_Aligned_sort.bam ../bam/293T-RNASeq-pcif1-KO-2_Aligned_sort.bam ../bam/293T-RNASeq-pcif1-KO-3_Aligned_sort.bam ../bam/293T-RNASeq-pcif1-KO-4_Aligned_sort.bam 2>../featureCounts/run_FC.log
        
[Tue Feb  2 17:16:44 2021]
Finished job 1.
1 of 2 steps (50%) done

[Tue Feb  2 17:16:44 2021]
localrule all:
    input: ../featureCounts/all_feature.txt
    jobid: 0
    reason: Input files updated by another job: ../featureCounts/all_feature.txt

[Tue Feb  2 17:16:44 2021]
Finished job 0.
2 of 2 steps (100%) done
Complete log: /gpfs/user/zhaohuanan/3.project/2021_Other_projects/2021_CTT/snakepipes_RNA-seq-standard-protocol/.snakemake/log/2021-02-02T171547.125296.snakemake.log
